[debug] [2021-02-10T00:38:45.232Z] ----------------------------------------------------------------------
[debug] [2021-02-10T00:38:45.234Z] Command:       C:\Program Files\nodejs\node.exe C:\Users\DiogoCunha\AppData\Roaming\npm\node_modules\firebase-tools\lib\bin\firebase.js deploy
[debug] [2021-02-10T00:38:45.235Z] CLI Version:   9.3.0
[debug] [2021-02-10T00:38:45.235Z] Platform:      win32
[debug] [2021-02-10T00:38:45.235Z] Node Version:  v12.18.3
[debug] [2021-02-10T00:38:45.236Z] Time:          Wed Feb 10 2021 00:38:45 GMT+0000 (GMT)
[debug] [2021-02-10T00:38:45.237Z] ----------------------------------------------------------------------
[debug] [2021-02-10T00:38:45.237Z] 
[debug] [2021-02-10T00:38:45.248Z] > command requires scopes: ["email","openid","https://www.googleapis.com/auth/cloudplatformprojects.readonly","https://www.googleapis.com/auth/firebase","https://www.googleapis.com/auth/cloud-platform"]
[debug] [2021-02-10T00:38:45.249Z] > authorizing via signed-in user
[debug] [2021-02-10T00:38:45.250Z] [iam] checking project deccer-22b5a for permissions ["cloudfunctions.functions.create","cloudfunctions.functions.delete","cloudfunctions.functions.get","cloudfunctions.functions.list","cloudfunctions.functions.update","cloudfunctions.operations.get","firebase.projects.get","firebasehosting.sites.update"]
[debug] [2021-02-10T00:38:45.255Z] >>> HTTP REQUEST POST https://cloudresourcemanager.googleapis.com/v1/projects/deccer-22b5a:testIamPermissions  
 {"permissions":["cloudfunctions.functions.create","cloudfunctions.functions.delete","cloudfunctions.functions.get","cloudfunctions.functions.list","cloudfunctions.functions.update","cloudfunctions.operations.get","firebase.projects.get","firebasehosting.sites.update"]}
[debug] [2021-02-10T00:38:46.130Z] <<< HTTP RESPONSE 200 {"content-type":"application/json; charset=UTF-8","vary":"X-Origin, Referer, Origin,Accept-Encoding","date":"Wed, 10 Feb 2021 00:38:48 GMT","server":"ESF","cache-control":"private","x-xss-protection":"0","x-frame-options":"SAMEORIGIN","x-content-type-options":"nosniff","server-timing":"gfet4t7; dur=662","alt-svc":"h3-29=\":443\"; ma=2592000,h3-T051=\":443\"; ma=2592000,h3-Q050=\":443\"; ma=2592000,h3-Q046=\":443\"; ma=2592000,h3-Q043=\":443\"; ma=2592000,quic=\":443\"; ma=2592000; v=\"46,43\"","accept-ranges":"none","transfer-encoding":"chunked"}
[debug] [2021-02-10T00:38:46.132Z] >>> HTTP REQUEST POST https://iam.googleapis.com/v1/projects/deccer-22b5a/serviceAccounts/deccer-22b5a@appspot.gserviceaccount.com:testIamPermissions  
 {"permissions":["iam.serviceAccounts.actAs"]}
[debug] [2021-02-10T00:38:47.041Z] <<< HTTP RESPONSE 200 {"content-type":"application/json; charset=UTF-8","vary":"X-Origin, Referer, Origin,Accept-Encoding","date":"Wed, 10 Feb 2021 00:38:49 GMT","server":"ESF","cache-control":"private","x-xss-protection":"0","x-frame-options":"SAMEORIGIN","x-content-type-options":"nosniff","alt-svc":"h3-29=\":443\"; ma=2592000,h3-T051=\":443\"; ma=2592000,h3-Q050=\":443\"; ma=2592000,h3-Q046=\":443\"; ma=2592000,h3-Q043=\":443\"; ma=2592000,quic=\":443\"; ma=2592000; v=\"46,43\"","accept-ranges":"none","transfer-encoding":"chunked"}
[debug] [2021-02-10T00:38:47.043Z] > refreshing access token with scopes: []
[debug] [2021-02-10T00:38:47.044Z] >>> HTTP REQUEST POST https://www.googleapis.com/oauth2/v3/token  
 <request body omitted>
[debug] [2021-02-10T00:38:47.318Z] <<< HTTP RESPONSE 200 {"date":"Wed, 10 Feb 2021 00:38:49 GMT","pragma":"no-cache","expires":"Mon, 01 Jan 1990 00:00:00 GMT","cache-control":"no-cache, no-store, max-age=0, must-revalidate","content-type":"application/json; charset=utf-8","vary":"X-Origin, Referer, Origin,Accept-Encoding","server":"scaffolding on HTTPServer2","x-xss-protection":"0","x-frame-options":"SAMEORIGIN","x-content-type-options":"nosniff","alt-svc":"h3-29=\":443\"; ma=2592000,h3-T051=\":443\"; ma=2592000,h3-Q050=\":443\"; ma=2592000,h3-Q046=\":443\"; ma=2592000,h3-Q043=\":443\"; ma=2592000,quic=\":443\"; ma=2592000; v=\"46,43\"","accept-ranges":"none","transfer-encoding":"chunked"}
[debug] [2021-02-10T00:38:47.325Z] >>> [apiv2][query] GET https://firebase.googleapis.com/v1beta1/projects/deccer-22b5a [none]
[debug] [2021-02-10T00:38:47.637Z] <<< [apiv2][status] GET https://firebase.googleapis.com/v1beta1/projects/deccer-22b5a 200
[debug] [2021-02-10T00:38:47.637Z] <<< [apiv2][body] GET https://firebase.googleapis.com/v1beta1/projects/deccer-22b5a {"projectId":"deccer-22b5a","projectNumber":"1019860489837","displayName":"deccer","name":"projects/deccer-22b5a","resources":{"hostingSite":"deccer-22b5a","realtimeDatabaseInstance":"deccer-22b5a"},"state":"ACTIVE"}
[info] 
[info] === Deploying to 'deccer-22b5a'...
[info] 
[info] i  deploying functions, hosting 
[info] Running command: npm --prefix %RESOURCE_DIR% run
[info] +  functions: Finished running predeploy script. 
[debug] [2021-02-10T00:38:50.821Z] > [functions] package.json contents: {
  "name": "functions",
  "description": "Cloud Functions for Firebase",
  "scripts": {
    "lint": "eslint .",
    "serve": "firebase emulators:start --only functions",
    "shell": "firebase functions:shell",
    "start": "npm run shell",
    "deploy": "firebase deploy --only functions",
    "logs": "firebase functions:log"
  },
  "engines": {
    "node": "12"
  },
  "main": "index.js",
  "dependencies": {
    "body-parser": "^1.19.0",
    "express": "^4.17.1",
    "firebase-admin": "^9.4.2",
    "firebase-functions": "^3.11.0",
    "googleapi": "^1.0.2",
    "googleapis": "^67.0.0",
    "nodemailer": "^6.4.17"
  },
  "devDependencies": {
    "eslint": "^7.6.0",
    "eslint-config-google": "^0.14.0",
    "firebase-functions-test": "^0.2.0"
  },
  "private": true
}
[info] i  functions: ensuring required API cloudfunctions.googleapis.com is enabled... 
[debug] [2021-02-10T00:38:52.376Z] > refreshing access token with scopes: ["email","https://www.googleapis.com/auth/cloud-platform","https://www.googleapis.com/auth/cloudplatformprojects.readonly","https://www.googleapis.com/auth/firebase","openid"]
[debug] [2021-02-10T00:38:52.377Z] >>> HTTP REQUEST POST https://www.googleapis.com/oauth2/v3/token  
 <request body omitted>
[debug] [2021-02-10T00:38:52.377Z] > refreshing access token with scopes: ["email","https://www.googleapis.com/auth/cloud-platform","https://www.googleapis.com/auth/cloudplatformprojects.readonly","https://www.googleapis.com/auth/firebase","openid"]
[debug] [2021-02-10T00:38:52.378Z] >>> HTTP REQUEST POST https://www.googleapis.com/oauth2/v3/token  
 <request body omitted>
[info] i  functions: ensuring required API cloudbuild.googleapis.com is enabled... 
[debug] [2021-02-10T00:38:52.379Z] > refreshing access token with scopes: ["email","https://www.googleapis.com/auth/cloud-platform","https://www.googleapis.com/auth/cloudplatformprojects.readonly","https://www.googleapis.com/auth/firebase","openid"]
[debug] [2021-02-10T00:38:52.380Z] >>> HTTP REQUEST POST https://www.googleapis.com/oauth2/v3/token  
 <request body omitted>
[debug] [2021-02-10T00:38:52.687Z] <<< HTTP RESPONSE 200 {"date":"Wed, 10 Feb 2021 00:38:54 GMT","cache-control":"no-cache, no-store, max-age=0, must-revalidate","expires":"Mon, 01 Jan 1990 00:00:00 GMT","pragma":"no-cache","content-type":"application/json; charset=utf-8","vary":"X-Origin, Referer, Origin,Accept-Encoding","server":"scaffolding on HTTPServer2","x-xss-protection":"0","x-frame-options":"SAMEORIGIN","x-content-type-options":"nosniff","alt-svc":"h3-29=\":443\"; ma=2592000,h3-T051=\":443\"; ma=2592000,h3-Q050=\":443\"; ma=2592000,h3-Q046=\":443\"; ma=2592000,h3-Q043=\":443\"; ma=2592000,quic=\":443\"; ma=2592000; v=\"46,43\"","accept-ranges":"none","transfer-encoding":"chunked"}
[debug] [2021-02-10T00:38:52.693Z] >>> HTTP REQUEST GET https://serviceusage.googleapis.com/v1/projects/deccer-22b5a/services/cloudbuild.googleapis.com  
 
[debug] [2021-02-10T00:38:52.698Z] <<< HTTP RESPONSE 200 {"expires":"Mon, 01 Jan 1990 00:00:00 GMT","pragma":"no-cache","date":"Wed, 10 Feb 2021 00:38:54 GMT","cache-control":"no-cache, no-store, max-age=0, must-revalidate","content-type":"application/json; charset=utf-8","vary":"X-Origin, Referer, Origin,Accept-Encoding","server":"scaffolding on HTTPServer2","x-xss-protection":"0","x-frame-options":"SAMEORIGIN","x-content-type-options":"nosniff","alt-svc":"h3-29=\":443\"; ma=2592000,h3-T051=\":443\"; ma=2592000,h3-Q050=\":443\"; ma=2592000,h3-Q046=\":443\"; ma=2592000,h3-Q043=\":443\"; ma=2592000,quic=\":443\"; ma=2592000; v=\"46,43\"","accept-ranges":"none","transfer-encoding":"chunked"}
[debug] [2021-02-10T00:38:52.704Z] >>> HTTP REQUEST GET https://serviceusage.googleapis.com/v1/projects/deccer-22b5a/services/runtimeconfig.googleapis.com  
 
[debug] [2021-02-10T00:38:52.773Z] <<< HTTP RESPONSE 200 {"pragma":"no-cache","date":"Wed, 10 Feb 2021 00:38:54 GMT","cache-control":"no-cache, no-store, max-age=0, must-revalidate","expires":"Mon, 01 Jan 1990 00:00:00 GMT","content-type":"application/json; charset=utf-8","vary":"X-Origin, Referer, Origin,Accept-Encoding","server":"scaffolding on HTTPServer2","x-xss-protection":"0","x-frame-options":"SAMEORIGIN","x-content-type-options":"nosniff","alt-svc":"h3-29=\":443\"; ma=2592000,h3-T051=\":443\"; ma=2592000,h3-Q050=\":443\"; ma=2592000,h3-Q046=\":443\"; ma=2592000,h3-Q043=\":443\"; ma=2592000,quic=\":443\"; ma=2592000; v=\"46,43\"","accept-ranges":"none","transfer-encoding":"chunked"}
[debug] [2021-02-10T00:38:52.778Z] >>> HTTP REQUEST GET https://serviceusage.googleapis.com/v1/projects/deccer-22b5a/services/cloudfunctions.googleapis.com  
 
[debug] [2021-02-10T00:38:53.942Z] <<< HTTP RESPONSE 200 {"content-type":"application/json; charset=UTF-8","vary":"X-Origin, Referer, Origin,Accept-Encoding","date":"Wed, 10 Feb 2021 00:38:56 GMT","server":"ESF","cache-control":"private","x-xss-protection":"0","x-frame-options":"SAMEORIGIN","x-content-type-options":"nosniff","alt-svc":"h3-29=\":443\"; ma=2592000,h3-T051=\":443\"; ma=2592000,h3-Q050=\":443\"; ma=2592000,h3-Q046=\":443\"; ma=2592000,h3-Q043=\":443\"; ma=2592000,quic=\":443\"; ma=2592000; v=\"46,43\"","accept-ranges":"none","transfer-encoding":"chunked"}
[debug] [2021-02-10T00:38:53.978Z] <<< HTTP RESPONSE 200 {"content-type":"application/json; charset=UTF-8","vary":"X-Origin, Referer, Origin,Accept-Encoding","date":"Wed, 10 Feb 2021 00:38:56 GMT","server":"ESF","cache-control":"private","x-xss-protection":"0","x-frame-options":"SAMEORIGIN","x-content-type-options":"nosniff","alt-svc":"h3-29=\":443\"; ma=2592000,h3-T051=\":443\"; ma=2592000,h3-Q050=\":443\"; ma=2592000,h3-Q046=\":443\"; ma=2592000,h3-Q043=\":443\"; ma=2592000,quic=\":443\"; ma=2592000; v=\"46,43\"","accept-ranges":"none","transfer-encoding":"chunked"}
[info] +  functions: required API cloudbuild.googleapis.com is enabled 
[debug] [2021-02-10T00:38:53.998Z] <<< HTTP RESPONSE 200 {"content-type":"application/json; charset=UTF-8","vary":"X-Origin, Referer, Origin,Accept-Encoding","date":"Wed, 10 Feb 2021 00:38:56 GMT","server":"ESF","cache-control":"private","x-xss-protection":"0","x-frame-options":"SAMEORIGIN","x-content-type-options":"nosniff","alt-svc":"h3-29=\":443\"; ma=2592000,h3-T051=\":443\"; ma=2592000,h3-Q050=\":443\"; ma=2592000,h3-Q046=\":443\"; ma=2592000,h3-Q043=\":443\"; ma=2592000,quic=\":443\"; ma=2592000; v=\"46,43\"","accept-ranges":"none","transfer-encoding":"chunked"}
[info] +  functions: required API cloudfunctions.googleapis.com is enabled 
[debug] [2021-02-10T00:38:54.001Z] >>> HTTP REQUEST GET https://firebase.googleapis.com/v1beta1/projects/deccer-22b5a/adminSdkConfig  
 
[debug] [2021-02-10T00:38:54.347Z] <<< HTTP RESPONSE 200 {"content-type":"application/json; charset=UTF-8","vary":"X-Origin, Referer, Origin,Accept-Encoding","date":"Wed, 10 Feb 2021 00:38:56 GMT","server":"ESF","cache-control":"private","x-xss-protection":"0","x-frame-options":"SAMEORIGIN","x-content-type-options":"nosniff","alt-svc":"h3-29=\":443\"; ma=2592000,h3-T051=\":443\"; ma=2592000,h3-Q050=\":443\"; ma=2592000,h3-Q046=\":443\"; ma=2592000,h3-Q043=\":443\"; ma=2592000,quic=\":443\"; ma=2592000; v=\"46,43\"","accept-ranges":"none","transfer-encoding":"chunked"}
[debug] [2021-02-10T00:38:54.352Z] >>> HTTP REQUEST POST https://firebasehosting.googleapis.com/v1beta1/sites/deccer-22b5a/versions  
 {"config":{"rewrites":[{"glob":"**","path":"/index.html"}]},"labels":{"deployment-tool":"cli-firebase"}}
[debug] [2021-02-10T00:38:55.678Z] <<< HTTP RESPONSE 200 {"content-type":"application/json; charset=UTF-8","vary":"X-Origin, Referer, Origin,Accept-Encoding","date":"Wed, 10 Feb 2021 00:38:57 GMT","server":"ESF","cache-control":"private","x-xss-protection":"0","x-frame-options":"SAMEORIGIN","x-content-type-options":"nosniff","alt-svc":"h3-29=\":443\"; ma=2592000,h3-T051=\":443\"; ma=2592000,h3-Q050=\":443\"; ma=2592000,h3-Q046=\":443\"; ma=2592000,h3-Q043=\":443\"; ma=2592000,quic=\":443\"; ma=2592000; v=\"46,43\"","accept-ranges":"none","transfer-encoding":"chunked"}
[info] i  functions: preparing functions directory for uploading... 
[debug] [2021-02-10T00:38:55.680Z] >>> HTTP REQUEST GET https://runtimeconfig.googleapis.com/v1beta1/projects/deccer-22b5a/configs  
 
[debug] [2021-02-10T00:38:56.532Z] <<< HTTP RESPONSE 200 {"content-type":"application/json; charset=UTF-8","vary":"X-Origin, Referer, Origin,Accept-Encoding","date":"Wed, 10 Feb 2021 00:38:58 GMT","server":"ESF","cache-control":"private","x-xss-protection":"0","x-frame-options":"SAMEORIGIN","x-content-type-options":"nosniff","alt-svc":"h3-29=\":443\"; ma=2592000,h3-T051=\":443\"; ma=2592000,h3-Q050=\":443\"; ma=2592000,h3-Q046=\":443\"; ma=2592000,h3-Q043=\":443\"; ma=2592000,quic=\":443\"; ma=2592000; v=\"46,43\"","accept-ranges":"none","transfer-encoding":"chunked"}
[info] i  functions: packaged functions (67.35 KB) for uploading 
[debug] [2021-02-10T00:38:58.187Z] >>> HTTP REQUEST GET https://cloudfunctions.googleapis.com/v1/projects/deccer-22b5a/locations/-/functions  
 
[debug] [2021-02-10T00:38:58.789Z] <<< HTTP RESPONSE 200 {"content-type":"application/json; charset=UTF-8","vary":"X-Origin, Referer, Origin,Accept-Encoding","date":"Wed, 10 Feb 2021 00:39:01 GMT","server":"ESF","cache-control":"private","x-xss-protection":"0","x-frame-options":"SAMEORIGIN","x-content-type-options":"nosniff","alt-svc":"h3-29=\":443\"; ma=2592000,h3-T051=\":443\"; ma=2592000,h3-Q050=\":443\"; ma=2592000,h3-Q046=\":443\"; ma=2592000,h3-Q043=\":443\"; ma=2592000,quic=\":443\"; ma=2592000; v=\"46,43\"","accept-ranges":"none","transfer-encoding":"chunked"}
[debug] [2021-02-10T00:38:58.791Z] >>> HTTP REQUEST POST https://cloudfunctions.googleapis.com/v1/projects/deccer-22b5a/locations/us-central1/functions:generateUploadUrl  
 
[debug] [2021-02-10T00:38:59.330Z] <<< HTTP RESPONSE 200 {"content-type":"application/json; charset=UTF-8","vary":"X-Origin, Referer, Origin,Accept-Encoding","date":"Wed, 10 Feb 2021 00:39:01 GMT","server":"ESF","cache-control":"private","x-xss-protection":"0","x-frame-options":"SAMEORIGIN","x-content-type-options":"nosniff","alt-svc":"h3-29=\":443\"; ma=2592000,h3-T051=\":443\"; ma=2592000,h3-Q050=\":443\"; ma=2592000,h3-Q046=\":443\"; ma=2592000,h3-Q043=\":443\"; ma=2592000,quic=\":443\"; ma=2592000; v=\"46,43\"","accept-ranges":"none","transfer-encoding":"chunked"}
[debug] [2021-02-10T00:38:59.331Z] >>> HTTP REQUEST PUT https://storage.googleapis.com/gcf-upload-us-central1-9d91d2c3-2703-4e8a-ac03-1a5cbc8ee148/eaca2df3-ec0c-4a3d-951f-76303efb1f0b.zip?GoogleAccessId=service-1019860489837@gcf-admin-robot.iam.gserviceaccount.com&Expires=1612919341&Signature=DGdND9JObSahqwn5VAfZeu3Fcm24D1GcGJDjaONVTAJfaOXv9n0J2d2eCgLgIw%2B%2Fu0OcpXSyp7oa5B7aDFJsebiGMqt3hvA4bIwrDBQbK5HbFMuEPC2uym1vyKV7GXsxJNM8u%2FEWYzgPKq6kW6B6IkTQhyPxPyKFsG%2FfCeD%2FTj%2BUnkkxHNv6u%2FR2Y7C7w3PoB2%2BMIzE8oaiXxm3a%2Bq573%2Fb2J94%2FN22UnIswdJHuzmnHhZTcvR%2BNGww7WTOBqxZA4KSi12ZdnVWD7PCQAWn1TPiLLub5mx4q2aJQfhlWuWmYcOuTP1qIIJCmOy2%2BcsbNOizXpucxMurU%2BkR6STNkqw%3D%3D  
 <request body omitted>
[debug] [2021-02-10T00:38:59.936Z] <<< HTTP RESPONSE 200 {"x-guploader-uploadid":"ABg5-Uzelf2G4lX_fwVreWwKgl0-6rrxh_L3fIf802bFPs4SsWL4FwEhfdP0WFq5oyg0_GrTWw3dxTG-MGsGjuuF4QORRDoZ3A","etag":"\"ac9b4939f1a65ec626d91af3eb9cb938\"","x-goog-generation":"1612917542159986","x-goog-metageneration":"1","x-goog-hash":"crc32c=DXl5bA==, md5=rJtJOfGmXsYm2Rrz65y5OA==","x-goog-stored-content-length":"68970","x-goog-stored-content-encoding":"identity","vary":"Origin","content-length":"0","date":"Wed, 10 Feb 2021 00:39:02 GMT","server":"UploadServer","content-type":"text/html; charset=UTF-8","alt-svc":"h3-29=\":443\"; ma=2592000,h3-T051=\":443\"; ma=2592000,h3-Q050=\":443\"; ma=2592000,h3-Q046=\":443\"; ma=2592000,h3-Q043=\":443\"; ma=2592000,quic=\":443\"; ma=2592000; v=\"46,43\""}
[info] +  functions: functions folder uploaded successfully 
[info] i  hosting[deccer-22b5a]: beginning deploy... 
[info] i  hosting[deccer-22b5a]: found 148 files in dist/deccer-app 
[debug] [2021-02-10T00:39:00.023Z] > refreshing access token with scopes: []
[debug] [2021-02-10T00:39:00.024Z] >>> HTTP REQUEST POST https://www.googleapis.com/oauth2/v3/token  
 <request body omitted>
[debug] [2021-02-10T00:39:00.026Z] [hosting] hash cache [ZGlzdFxkZWNjZXItYXBw] stored for 148 files
[debug] [2021-02-10T00:39:00.026Z] [hosting][hash queue][FINAL] {"max":11,"min":0,"avg":2.485657988966848,"active":0,"complete":148,"success":148,"errored":0,"retried":0,"total":148,"elapsed":28}
[debug] [2021-02-10T00:39:00.174Z] <<< HTTP RESPONSE 200 {"expires":"Mon, 01 Jan 1990 00:00:00 GMT","cache-control":"no-cache, no-store, max-age=0, must-revalidate","pragma":"no-cache","date":"Wed, 10 Feb 2021 00:39:02 GMT","content-type":"application/json; charset=utf-8","vary":"X-Origin, Referer, Origin,Accept-Encoding","server":"scaffolding on HTTPServer2","x-xss-protection":"0","x-frame-options":"SAMEORIGIN","x-content-type-options":"nosniff","alt-svc":"h3-29=\":443\"; ma=2592000,h3-T051=\":443\"; ma=2592000,h3-Q050=\":443\"; ma=2592000,h3-Q046=\":443\"; ma=2592000,h3-Q043=\":443\"; ma=2592000,quic=\":443\"; ma=2592000; v=\"46,43\"","accept-ranges":"none","transfer-encoding":"chunked"}
[debug] [2021-02-10T00:39:00.179Z] >>> [apiv2][query] POST https://firebasehosting.googleapis.com/v1beta1/sites/deccer-22b5a/versions/b9a7f09b2eca3f9b:populateFiles [none]
[debug] [2021-02-10T00:39:00.179Z] >>> [apiv2][body] POST https://firebasehosting.googleapis.com/v1beta1/sites/deccer-22b5a/versions/b9a7f09b2eca3f9b:populateFiles {"files":{"/3rdpartylicenses.txt":"7e7e5aea93089097fb9bd411a9056bbd5ab741e9c1f308a924104c6973009e8b","/aco2.6bbde4b9f1a59acfea56.jpg":"9814dddb349ad2f6c170a26b039eca2b4e87b31a4e58c0ec02d8e652c73510bf","/banca.2448a7da4a05a3360447.jpg":"0f6dd7bfd6fc91849382fc16d9cfbe6f3d82de89a03ee3f0bed4d5655b902603","/bg4.90e44f61fec76fdb04e1.jpg":"4fb8ba7a574a9f5437cc156aa41fcdbf911cd81699bdbd63295364480266dcfe","/bg444.f74b4a803e4fa2b1c868.jpg":"671a4130862e3e71d5dc4a7bfcaa5d20a91c11a5c833c3d4d78b91fb1d3c4110","/bg_2.694623a457e48ae9d302.jpg":"30f2adebcbd882a9f46939bfb2c5a6008d61f96536534b7f71e9355d386a114a","/bg_2d.7965f20e45ae295d882d.jpg":"cd1313c38d08aacbc8d8d263b5fbf188d1aebea50acedf2a35f467c5fca23ea6","/bg_3d.f11c74228a330b2f097b.jpg":"f352daef438502f86708ecf5a6c1fd0615c9300611112a6b328ec1bedf109177","/caleira.e4c7b9e6f71bc3077d56.jpg":"b77bff6a168afa9b1dff75b3108fdf8bdf5f7530fec9d19e2ff3a0c2db03a211","/cap.0a73b5bf6e4239fc0516.jpg":"9ad898d34c73b1416a1e98ecd4cfb6defe61eefc5fa14aa9b564582c57d49f10","/esgotos.85a02f394d82774684ec.jpg":"958388a5de7c1f69f6412c6210d1323f47b84a457a6021a099c26a887114f937","/favicon.ico":"2c19690e9587bae12f419b34d2edeecc76808099540a9c9f4ea6194116cfc8f7\r","/fontawesome-webfont.1e59d2330b4c6deb84b3.ttf":"d9cef07d4f3569883fb4c3db76acea5478cef80775d012841eb78a42e60a8e89","/fontawesome-webfont.20fd1704ea223900efa9.woff2":"38d88317bebc79b4945a679daadd47daebbadc5cd13b41473143394ca7e8d892","/fontawesome-webfont.8b43027f47b20503057d.eot":"4944999b255adf473d5b86b300eba33737e8f598c17f24e82a28582393331209","/fontawesome-webfont.c1e38fd9e0e74ba58f7a.svg":"9b74ca5333a9ca156ae6ef0920d5bc42d283e95d25651bf4375404f0407a63ab","/fontawesome-webfont.f691f37e57f04c152e23.woff":"b51c2c79cce89b7c5947672c13f735c24ee1a9f8f6ebdb957c5fdfe567f27d37","/index.html":"31113a5e72e420363e8d9f5585d8b45e64151c32f2b769f4e15ba372a482d5d5","/interior.b75a509b8539ad121b12.JPG":"c9acbf888ef60b18d8b2182e55e3484fc546e84b2046408175a558a69952e89b","/interior2.9a1ae1538e2997c93e2a.png":"4579bc7b3dbf6305bd8e62423f7c87ac688db74f23544552ce3e8e0f935c8e58","/limpeza.4e51dce650722f8ef89e.jpg":"f57120f2575031201aa09d7d1d190e9cfee1affe21bef96ef36234a52a2e3c62","/main.5c8828294f257d0f5800.js":"860a56b3ceacfcd5e404c16927e875810f5f202d2c4ef6c735e91597df188bee","/pint1.22e16f7b6aa31314ae98.jpg":"0f6986b83dd2cd8857a421089719dcc9a9c09f9c3d272d85166b737fb4e0ade3","/polyfills.77381782657bcb537965.js":"f2d1c99d0990112db8e285b81b530cb1242e90b8013d89767a0666af6e70af8b","/portblack.bfde849b972f6a6d13e8.jpg":"b53f9c9fb2fe980eb7f59d10e6c48bb1832158a8824aad800e8bcda7d3fca0b8","/ppr2.b5a951d3e334938206e1.jpg":"b3cad88f88f97067585d8957d6b2ff82de09ad333ac2daa5cd1f8340cb2285b9","/ppr3.1546dafcb40a2c99306c.jpg":"78d411faab64aed6f11e982d0bffb7eaaf72fe26d1af036a496be0b9bfab8dac","/ppr3b.f6abf14c610b09cfbe26.jpg":"4c7130eac26b3f8258a3c9688ec4154a82454b1346e57f8a4e6f29a0b9f47ca2","/rad.8cf36abfc9b3b5349da4.jpg":"e090fdf2299f8360acd290b234c1db2733abd2d2a9817e9a953d47f0ded644f1","/redes.fd5b3359f0721b532293.jpg":"91295486f8552b4fe7e35f4551f6c888334b3b4868b48bfe72b2b94650d066f7","/rega.9132eee3006cd44029e2.jpg":"45aacf2f2f817498826ba39ce9464e2bb4a34295a36023705d38f1ee1c29adfa","/repara.753a5c060d0c508573dc.jpg":"a909bbd3cd1bffc16e89f71c5bfd24cb8e2cf7e439456b855d6593d0dc30ab6c","/runtime.359d5ee4682f20e936e9.js":"8351e28e6622d0d4825d766649b2ae0e8767c34304fff594f102bfe52b7e4e29","/s1.ce3128dd414d2a1af3e2.jpg":"49354b25872f7628886fe50ff095d85c87339e4e3e7e69b76323d05a7216b1fe","/s1black.fd24a3bc7783db6204b5.jpg":"d6ae1f1a01fcb3010a03d272e8a68aaec5dd77dfd533c781344c3887f8905286","/s2.9f5baeefbc6e51366650.jpg":"8265bd1df240e71b61145af171e960e630e20786107c681aa6ba088a96594b59","/s3b.9b2d70663997173152ef.jpg":"253d8870a3c96499039baa55d17d2d61764d70ae7445f911f4820e3fe3223c70","/s7.a336e151addf8314cdf0.jpg":"0b0cf073b23968d659d3e472b637697128f66bec6626c9147ce04ee97fa8f513","/styles.07b80d699e20d536a65f.css":"3053f093d4677022dbb28f6d40a3f9d2b846015a29613a15d48198ac02972a1c","/tel12.dceb75ff86603fcf5980.jpg":"0a58a5a7d218502acab2f8273d3b40b14b0962db355150ccd1751fd56bada014","/tela.e33ea210832d76d0193e.jpg":"5be4dd0474f438820f600f2d2f524b3337a531f3987979eac74d278673bf82eb","/telas.fe2171540e3772629a93.jpg":"b751592a61d9a22d77d19b126aa70e8db0a289873ff2495cf1bca5ec62d11545","/assets/111-900x500.jpg":"764fa6f7670ffd3ac08dfe0688d93db32b5afa1305a35911125cb49f37d746dd\r","/assets/97359362_280817579621318_6093227292755257638_n.jpg":"4458921086629764b50c7532373192ade09f533ef44cae71adce387442264921\r","/assets/aco2.jpg":"9814dddb349ad2f6c170a26b039eca2b4e87b31a4e58c0ec02d8e652c73510bf\r","/assets/AF.png":"915002e69769baee2d0b409558cf86f5b4581cb6413e8a8a5f708817cb6f23b0\r","/assets/ave.jpg":"13f123118e1983b402456449911a636e5a8daf7d329a745a2889cf0b72229577\r","/assets/banca.jpg":"0f6dd7bfd6fc91849382fc16d9cfbe6f3d82de89a03ee3f0bed4d5655b902603\r","/assets/bg1.jpg":"cb4441d457473db94ea0d72e77208732ff23b82058270162910885d427ab0e02\r","/assets/bg2.jpg":"af238de1bff16382d6782cf16f47d93f34895fe9bced619d138737fa468071b9\r","/assets/bg3.jpg":"11f08f280743498c39ff4bbaeaaf7939a4c4cca28930e2df4d9e63cea16f5dce\r","/assets/bg3b.jpg":"b9daede97e413025d25be841d70581efa580c6b53bdd657559a8d45e3688b400\r","/assets/bg4.jpg":"4fb8ba7a574a9f5437cc156aa41fcdbf911cd81699bdbd63295364480266dcfe\r","/assets/bg444.jpg":"671a4130862e3e71d5dc4a7bfcaa5d20a91c11a5c833c3d4d78b91fb1d3c4110\r","/assets/bg4b.jpg":"e0db6fddb6d319d8b8e8f540d47556c2fffeb7099ca823dd7472eef8cb8f6c2a\r","/assets/bg4bl.jpg":"a356724864680afd12e95ed2888328f9e880368422e2ef4e5fd235594a15b35e\r","/assets/bg4dark.jpg":"1a3c8720a59cd6743a748535d3e879f5e38b554d4940a948d516d45862f832b0\r","/assets/bg_1.jpg":"f373cca38c1c1af3b339428ac094af86e287fbba0fa38d3aebec57284966da23\r","/assets/bg_2.jpg":"30f2adebcbd882a9f46939bfb2c5a6008d61f96536534b7f71e9355d386a114a\r","/assets/bg_2b.jpg":"5a5114bd9cb63b7e18cfa42d5fb2cd3eb0fcfe2abf1402a7660d3b8baf2e48f9\r","/assets/bg_2d.jpg":"cd1313c38d08aacbc8d8d263b5fbf188d1aebea50acedf2a35f467c5fca23ea6\r","/assets/bg_3.jpg":"a97b57999c1b4c9144e97c9cffa7ef57d19d443912682da88121d17141e43e14\r","/assets/bg_3b.jpg":"8584fd741a0891cdea73587ea151626dd1560bc1f0432d8f601ab722bd23184e\r","/assets/bg_3d.jpg":"f352daef438502f86708ecf5a6c1fd0615c9300611112a6b328ec1bedf109177\r","/assets/ca1.jpg":"8cfe8032b13327b8d9dcb219d67256acd0e6b82719ebee0e8aadebc138bf83d2\r","/assets/caleira.jpg":"b77bff6a168afa9b1dff75b3108fdf8bdf5f7530fec9d19e2ff3a0c2db03a211\r","/assets/cap.jpg":"9ad898d34c73b1416a1e98ecd4cfb6defe61eefc5fa14aa9b564582c57d49f10\r","/assets/ch2.jpg":"a7069e110c0b35c9f321c3033d9bf8635c5affe8e81c05a4dbbd4e9b87a7a5e3\r","/assets/ch3.jpg":"b5be5e3954f8528c054500861e165629c26c9b0c37e8e30d4ffae1fa6ef17aa3\r","/assets/cha1.jpg":"d1d721f449c7a1b3db633aa6436164aac14b439ac842a1963e40c45e19ae83ba\r","/assets/cont1.JPG":"472b2a16badc97c20520f274967f312f8efdc634ba4d71e087a82aa5620025b5\r","/assets/cont12.jpg":"f8f1a91f8737a9dfc78fa0cc0b8d8944db682fa64a83a609bed15315947bb92b\r","/assets/cont1blue.jpg":"d7e8dc59cd36d30d242ab0b29af5a9cb4748a7bababe331aab7470ef2629ea15\r","/assets/cont2.jpg":"e3ce7c64d74252b6f9415cfa4db6f2babdd6b48c39716236c86d45fed2e6a0fa\r","/assets/cont22.jpg":"59e6cb536f42870112ed5efdc7f73c14b9d067480281cd11fd6e2372ffba84ca\r","/assets/contblack.jpg":"bd171bb350b64641e2a2f6de40c4a583ea9b6e6605bf4d58d5a8e12741461981\r","/assets/deccer.png":"dae545e5ef63fa429fd162d57932b1e1f921eda49a7b216323c1dc9718b98db0\r","/assets/dots.jpg":"1a6b217d541df6904680fcafeb1ac881e18e4a4a7ef24dcf96c96e2faf5c4c80\r","/assets/esgotos.jpg":"958388a5de7c1f69f6412c6210d1323f47b84a457a6021a099c26a887114f937\r","/assets/interior.JPG":"c9acbf888ef60b18d8b2182e55e3484fc546e84b2046408175a558a69952e89b\r","/assets/interior2.jpg":"0e3a9fba6bf72e7bc4dd807cded3096c1a732efa5c208917e487b1ad79acc464","/assets/interior2.png":"4579bc7b3dbf6305bd8e62423f7c87ac688db74f23544552ce3e8e0f935c8e58","/assets/lav1.jpg":"63107b567024ac73afb901f7863daec1743601ed04ae6c1b4276a48d6ef5de0f\r","/assets/limpeza.jpg":"f57120f2575031201aa09d7d1d190e9cfee1affe21bef96ef36234a52a2e3c62\r","/assets/logo2.jpg":"0fb183ee286b3f4d26b22af6aeb02731958060deb9d203cf16a0903cd99f0a00","/assets/logo2.png":"e0b8c59f6d0d2b697708aa5e2e478f6c0cc53d2bb8562deb3118cfff5df987a0\r","/assets/multi.jpg":"ff8e24c9e64b4edfda5e99406c7ce2b5d557b3fb6c371fb1f3d32da3abacc0db\r","/assets/multi1.jpg":"ae9fa9144dfb97f644584637e57ad78c1f4ad54e7b2953dd2f31d86dfa9cfc2e\r","/assets/orc1.png":"73e52c7a93362eb6eb0c96f8665b923a579713bef667cec84bf4f1b09f8f6856\r","/assets/orc11.jpg":"57c7843f8a1266a444a202df40efd2ea28a0729b8d6a9b4141235f73efffa924","/assets/orc2.png":"b7b20ca243d30cbcac1588082bff722a549c91370fff17ec236a6d8cab6c1aba\r","/assets/orc22.jpg":"92de69cbf0ebae87f63c9ee80840fff8113d3dd9f868eeb22dbd72930ff46051","/assets/orc3.png":"f9f6d697211a49b71cbd226c7083dde5535a0ea521247a2b5d61b80708c0bc8b\r","/assets/p3.jpg":"aa119ae7dd0259b34e9f2c7122c603c2bb81f5304f81624cffbab74946a83196\r","/assets/p33.jpg":"d4b874a321220eb7f4663710bec6b1ab59286bef089526e9d090bec567942501\r","/assets/PEIXO.jpg":"0df4330319fc4e2d9056c651044df6f279588e6cc1c0dc66a20b468f7fe3e11b\r","/assets/pex.jpg":"9c3f3fbcd06d40181b64acd6b8d40ae0c22b11b98cfb4ac7f11e8b066838097c\r","/assets/pint1.jpg":"0f6986b83dd2cd8857a421089719dcc9a9c09f9c3d272d85166b737fb4e0ade3","/assets/port.jpg":"94b0656efceef3efdc25a22638f485b4c1b21b8bfb0dae4689e0ba77d2da6708\r","/assets/port2.jpg":"5b133099b75f335ed4a02c096e4e0068a7556b404035175de20f735cd8244529\r","/assets/portblack.jpg":"b53f9c9fb2fe980eb7f59d10e6c48bb1832158a8824aad800e8bcda7d3fca0b8\r","/assets/ppr2.jpg":"b3cad88f88f97067585d8957d6b2ff82de09ad333ac2daa5cd1f8340cb2285b9\r","/assets/ppr3.jpg":"78d411faab64aed6f11e982d0bffb7eaaf72fe26d1af036a496be0b9bfab8dac\r","/assets/ppr3b.jpg":"4c7130eac26b3f8258a3c9688ec4154a82454b1346e57f8a4e6f29a0b9f47ca2\r","/assets/rad.jpg":"e090fdf2299f8360acd290b234c1db2733abd2d2a9817e9a953d47f0ded644f1\r","/assets/redes.jpg":"91295486f8552b4fe7e35f4551f6c888334b3b4868b48bfe72b2b94650d066f7\r","/assets/rega.jpg":"45aacf2f2f817498826ba39ce9464e2bb4a34295a36023705d38f1ee1c29adfa\r","/assets/repara.jpg":"a909bbd3cd1bffc16e89f71c5bfd24cb8e2cf7e439456b855d6593d0dc30ab6c\r","/assets/s1.jpg":"49354b25872f7628886fe50ff095d85c87339e4e3e7e69b76323d05a7216b1fe\r","/assets/s1B.jpg":"0a6f385cad1e10767dfbb33a31591701e8a18da6628fb3c3136e1c005719aa5b\r","/assets/s1black.jpg":"d6ae1f1a01fcb3010a03d272e8a68aaec5dd77dfd533c781344c3887f8905286\r","/assets/s2.jpg":"8265bd1df240e71b61145af171e960e630e20786107c681aa6ba088a96594b59\r","/assets/s3.jpg":"12d6573d9915b998f4ae811c5269355d1682b40d001c2b98a86c5bc64b5c3d3f\r","/assets/s3B.jpg":"253d8870a3c96499039baa55d17d2d61764d70ae7445f911f4820e3fe3223c70\r","/assets/s3blue.jpg":"b49dc73d9f00c27da9cf38d19d495beb896ddf2bee7fa50586822380693c3eae\r","/assets/s4.jpg":"507e76455f045c76477ebf8997a56fbe4ad5c0f80574372ad7bde99e43a50fe6\r","/assets/s5.jpg":"ad4e2188086028ad776bc31b55981c372a67db2521ebba1cd02788984cf28700\r","/assets/s7.jpg":"0b0cf073b23968d659d3e472b637697128f66bec6626c9147ce04ee97fa8f513\r","/assets/s7black.jpg":"ba8325c764e4c23f430fb0b7bbea8e93831f16f22bd3e92ed5b3cd161aa8dda6\r","/assets/slide1.jpg":"de9609d597bebbebd16ca4bc2e226bdbdd2ae71bfe59e6c3bb8c5f68a02976b3\r","/assets/slide2.jpg":"607048d6429adbfcb3447c96867848a983b465467759c087b247b6421b6851c0\r","/assets/slide3.jpg":"019b42e017b08273029d498f41998c08620a164f2d30be09839a8dad4010e687\r","/assets/tel1.jpg":"da6a11c664c9b93d8fcbf6006eaeffbb344a8634eb211a781e6f064ad4269f80\r","/assets/tel11.JPG":"b2225021acbbd3a9f1f41595817b562631c876fbd97ac266cc0c7039c1f8faac\r","/assets/tel12.JPG":"0a58a5a7d218502acab2f8273d3b40b14b0962db355150ccd1751fd56bada014\r","/assets/tel2.jpg":"0936e9c2fe30de8cd5cd43955804f9fbe5e6702c696e47ebfd353f36102f53b9\r","/assets/tel3.jpg":"30f28569542eb01cd1ef25ca625b3ff7786ac1c5aa4702562f4995f7984d3fba\r","/assets/tel4.JPG":"e9dccc3d143968165b8261ddefc532d9eac238fad065997a1f47b63177068ae4\r","/assets/tela.jpg":"5be4dd0474f438820f600f2d2f524b3337a531f3987979eac74d278673bf82eb\r","/assets/telas.jpg":"b751592a61d9a22d77d19b126aa70e8db0a289873ff2495cf1bca5ec62d11545\r","/assets/vis.jpg":"3c06bbccc9815051e36d3cdbc7f2109b06548daa670c87f9f415c12270d02b86\r","/assets/X.jpg":"49354b25872f7628886fe50ff095d85c87339e4e3e7e69b76323d05a7216b1fe\r","/assets/B&A/A0.jpg":"174c99d580ebe774d77e194697a9ea61737e6e79bee93c44012a322b85acf029\r","/assets/B&A/A1.jpg":"609929b5d4531ebabac788b02e1571817d542067569c12b8f4af2dee02573b23\r","/assets/B&A/A2.jpg":"1ae7f2117f84955e757280c9f6b1b4bd34d7629a55832f2f117a94dd560e3a2b\r","/assets/B&A/A4.jpg":"ba3bb153f75c7ae4e94758245a778b915053d9e095f77aeffb21e97a1e2c7926\r","/assets/B&A/A5.jpg":"bbbedc412d7fb473c632a8264a2541cd56305aea42fb0b7d948dcd1bdcb42e5f\r","/assets/B&A/A6.JPG":"b2a9a039ad030f1ca58ad59520e3cce226f56d7ce33a3311a857599b1cebf4e9\r","/assets/B&A/B0.jpg":"2a5128a12775e215a089770ab6b8b8c1bd355ffc0a94185ee5a5fb4b5d5c66ef\r","/assets/B&A/B1.jpg":"1fa91950229f0d26c1a0b3f70be4a1dea9f2e11f64e39a8a16b9ead2c153c2a4\r","/assets/B&A/B2.jpg":"4c2e1d587a788edcf7c52fae3f4b52b2eb2ece4b48b2fa8b7d0d6dc0716f90fc\r","/assets/B&A/B4.jpg":"990d08b7c2d14423d49eaba544869650e1d181e2965e2f153c40bffc3a1e1a0f\r","/assets/B&A/B5.jpg":"c5573808b5bbcb327b6f5425b3458a06d85f62f8ec64f1e5c492148fe18a6060\r","/assets/B&A/B6.jpg":"92141bcbd73a99b83b808ca608112b223841d43d1a9ef0f75fd491317e31b210\r","/assets/B&A/IMG-0071.JPG":"c9acbf888ef60b18d8b2182e55e3484fc546e84b2046408175a558a69952e89b\r","/assets/B&A/IMG-9095 (1).jpg":"ff7a264103b99e2a348cb5603899450bbe60446f0246456fae447b999a64bce1\r","/assets/B&A/IMG-9105.jpg":"12d6573d9915b998f4ae811c5269355d1682b40d001c2b98a86c5bc64b5c3d3f\r","/assets/B&A/IMG-9136.jpg":"78cd8737d5bc50e2fb8cf81677a9ee404ab08e393718fe73a3d775f2e67d122d\r"}}
[debug] [2021-02-10T00:39:01.345Z] <<< [apiv2][status] POST https://firebasehosting.googleapis.com/v1beta1/sites/deccer-22b5a/versions/b9a7f09b2eca3f9b:populateFiles 200
[debug] [2021-02-10T00:39:01.345Z] <<< [apiv2][body] POST https://firebasehosting.googleapis.com/v1beta1/sites/deccer-22b5a/versions/b9a7f09b2eca3f9b:populateFiles {"uploadUrl":"https://upload-firebasehosting.googleapis.com/upload/sites/deccer-22b5a/versions/b9a7f09b2eca3f9b/files"}
[debug] [2021-02-10T00:39:01.346Z] [hosting][populate queue][FINAL] {"max":1322,"min":1322,"avg":1322,"active":0,"complete":1,"success":1,"errored":0,"retried":0,"total":1,"elapsed":1323}
[debug] [2021-02-10T00:39:01.346Z] [hosting] uploads queued: 0
[debug] [2021-02-10T00:39:01.346Z] [hosting][upload queue][FINAL] {"max":0,"min":9999999999,"avg":0,"active":0,"complete":0,"success":0,"errored":0,"retried":0,"total":0,"elapsed":1612917541346}
[info] +  hosting[deccer-22b5a]: file upload complete 
[debug] [2021-02-10T00:39:01.351Z] [hosting] deploy completed after 1412ms
[info] i  functions: updating Node.js 12 function app(us-central1)... 
[debug] [2021-02-10T00:39:01.479Z] Trigger is:  {"httpsTrigger":{}}
[debug] [2021-02-10T00:39:01.482Z] > refreshing access token with scopes: ["email","https://www.googleapis.com/auth/cloud-platform","https://www.googleapis.com/auth/cloudplatformprojects.readonly","https://www.googleapis.com/auth/firebase","openid"]
[debug] [2021-02-10T00:39:01.482Z] >>> HTTP REQUEST POST https://www.googleapis.com/oauth2/v3/token  
 <request body omitted>
[debug] [2021-02-10T00:39:01.631Z] <<< HTTP RESPONSE 200 {"expires":"Mon, 01 Jan 1990 00:00:00 GMT","pragma":"no-cache","cache-control":"no-cache, no-store, max-age=0, must-revalidate","date":"Wed, 10 Feb 2021 00:39:03 GMT","content-type":"application/json; charset=utf-8","vary":"X-Origin, Referer, Origin,Accept-Encoding","server":"scaffolding on HTTPServer2","x-xss-protection":"0","x-frame-options":"SAMEORIGIN","x-content-type-options":"nosniff","alt-svc":"h3-29=\":443\"; ma=2592000,h3-T051=\":443\"; ma=2592000,h3-Q050=\":443\"; ma=2592000,h3-Q046=\":443\"; ma=2592000,h3-Q043=\":443\"; ma=2592000,quic=\":443\"; ma=2592000; v=\"46,43\"","accept-ranges":"none","transfer-encoding":"chunked"}
[debug] [2021-02-10T00:39:01.636Z] >>> HTTP REQUEST PATCH https://cloudfunctions.googleapis.com/v1/projects/deccer-22b5a/locations/us-central1/functions/app {"updateMask":"sourceUploadUrl,name,labels,runtime,environmentVariables,httpsTrigger"} 
 {"sourceUploadUrl":"https://storage.googleapis.com/gcf-upload-us-central1-9d91d2c3-2703-4e8a-ac03-1a5cbc8ee148/eaca2df3-ec0c-4a3d-951f-76303efb1f0b.zip?GoogleAccessId=service-1019860489837@gcf-admin-robot.iam.gserviceaccount.com&Expires=1612919341&Signature=DGdND9JObSahqwn5VAfZeu3Fcm24D1GcGJDjaONVTAJfaOXv9n0J2d2eCgLgIw%2B%2Fu0OcpXSyp7oa5B7aDFJsebiGMqt3hvA4bIwrDBQbK5HbFMuEPC2uym1vyKV7GXsxJNM8u%2FEWYzgPKq6kW6B6IkTQhyPxPyKFsG%2FfCeD%2FTj%2BUnkkxHNv6u%2FR2Y7C7w3PoB2%2BMIzE8oaiXxm3a%2Bq573%2Fb2J94%2FN22UnIswdJHuzmnHhZTcvR%2BNGww7WTOBqxZA4KSi12ZdnVWD7PCQAWn1TPiLLub5mx4q2aJQfhlWuWmYcOuTP1qIIJCmOy2%2BcsbNOizXpucxMurU%2BkR6STNkqw%3D%3D","name":"projects/deccer-22b5a/locations/us-central1/functions/app","labels":{"deployment-tool":"cli-firebase"},"httpsTrigger":{},"runtime":"nodejs12","environmentVariables":{"FIREBASE_CONFIG":"{\"projectId\":\"deccer-22b5a\",\"databaseURL\":\"https://deccer-22b5a.firebaseio.com\",\"storageBucket\":\"deccer-22b5a.appspot.com\"}"}}
[debug] [2021-02-10T00:39:02.223Z] <<< HTTP RESPONSE 200 {"content-type":"application/json; charset=UTF-8","vary":"X-Origin, Referer, Origin,Accept-Encoding","date":"Wed, 10 Feb 2021 00:39:04 GMT","server":"ESF","cache-control":"private","x-xss-protection":"0","x-frame-options":"SAMEORIGIN","x-content-type-options":"nosniff","alt-svc":"h3-29=\":443\"; ma=2592000,h3-T051=\":443\"; ma=2592000,h3-Q050=\":443\"; ma=2592000,h3-Q046=\":443\"; ma=2592000,h3-Q043=\":443\"; ma=2592000,quic=\":443\"; ma=2592000; v=\"46,43\"","accept-ranges":"none","transfer-encoding":"chunked"}
[debug] [2021-02-10T00:39:02.225Z] >>> HTTP REQUEST GET https://cloudfunctions.googleapis.com/v1/projects/deccer-22b5a/locations/-/functions  
 
[debug] [2021-02-10T00:39:02.760Z] <<< HTTP RESPONSE 200 {"content-type":"application/json; charset=UTF-8","vary":"X-Origin, Referer, Origin,Accept-Encoding","date":"Wed, 10 Feb 2021 00:39:05 GMT","server":"ESF","cache-control":"private","x-xss-protection":"0","x-frame-options":"SAMEORIGIN","x-content-type-options":"nosniff","alt-svc":"h3-29=\":443\"; ma=2592000,h3-T051=\":443\"; ma=2592000,h3-Q050=\":443\"; ma=2592000,h3-Q046=\":443\"; ma=2592000,h3-Q043=\":443\"; ma=2592000,quic=\":443\"; ma=2592000; v=\"46,43\"","accept-ranges":"none","transfer-encoding":"chunked"}
[debug] [2021-02-10T00:39:02.761Z] >>> HTTP REQUEST GET https://cloudfunctions.googleapis.com/v1/operations/ZGVjY2VyLTIyYjVhL3VzLWNlbnRyYWwxL2FwcC9GMGk4cHMtYWdwVQ  
 
[debug] [2021-02-10T00:39:03.015Z] <<< HTTP RESPONSE 200 {"content-type":"application/json; charset=UTF-8","vary":"X-Origin, Referer, Origin,Accept-Encoding","date":"Wed, 10 Feb 2021 00:39:05 GMT","server":"ESF","cache-control":"private","x-xss-protection":"0","x-frame-options":"SAMEORIGIN","x-content-type-options":"nosniff","alt-svc":"h3-29=\":443\"; ma=2592000,h3-T051=\":443\"; ma=2592000,h3-Q050=\":443\"; ma=2592000,h3-Q046=\":443\"; ma=2592000,h3-Q043=\":443\"; ma=2592000,quic=\":443\"; ma=2592000; v=\"46,43\"","accept-ranges":"none","transfer-encoding":"chunked"}
[debug] [2021-02-10T00:39:05.026Z] >>> HTTP REQUEST GET https://cloudfunctions.googleapis.com/v1/operations/ZGVjY2VyLTIyYjVhL3VzLWNlbnRyYWwxL2FwcC9GMGk4cHMtYWdwVQ  
 
[debug] [2021-02-10T00:39:05.283Z] <<< HTTP RESPONSE 200 {"content-type":"application/json; charset=UTF-8","vary":"X-Origin, Referer, Origin,Accept-Encoding","date":"Wed, 10 Feb 2021 00:39:07 GMT","server":"ESF","cache-control":"private","x-xss-protection":"0","x-frame-options":"SAMEORIGIN","x-content-type-options":"nosniff","alt-svc":"h3-29=\":443\"; ma=2592000,h3-T051=\":443\"; ma=2592000,h3-Q050=\":443\"; ma=2592000,h3-Q046=\":443\"; ma=2592000,h3-Q043=\":443\"; ma=2592000,quic=\":443\"; ma=2592000; v=\"46,43\"","accept-ranges":"none","transfer-encoding":"chunked"}
[debug] [2021-02-10T00:39:07.286Z] >>> HTTP REQUEST GET https://cloudfunctions.googleapis.com/v1/operations/ZGVjY2VyLTIyYjVhL3VzLWNlbnRyYWwxL2FwcC9GMGk4cHMtYWdwVQ  
 
[debug] [2021-02-10T00:39:07.550Z] <<< HTTP RESPONSE 200 {"content-type":"application/json; charset=UTF-8","vary":"X-Origin, Referer, Origin,Accept-Encoding","date":"Wed, 10 Feb 2021 00:39:09 GMT","server":"ESF","cache-control":"private","x-xss-protection":"0","x-frame-options":"SAMEORIGIN","x-content-type-options":"nosniff","alt-svc":"h3-29=\":443\"; ma=2592000,h3-T051=\":443\"; ma=2592000,h3-Q050=\":443\"; ma=2592000,h3-Q046=\":443\"; ma=2592000,h3-Q043=\":443\"; ma=2592000,quic=\":443\"; ma=2592000; v=\"46,43\"","accept-ranges":"none","transfer-encoding":"chunked"}
[debug] [2021-02-10T00:39:09.566Z] >>> HTTP REQUEST GET https://cloudfunctions.googleapis.com/v1/operations/ZGVjY2VyLTIyYjVhL3VzLWNlbnRyYWwxL2FwcC9GMGk4cHMtYWdwVQ  
 
[debug] [2021-02-10T00:39:09.830Z] <<< HTTP RESPONSE 200 {"content-type":"application/json; charset=UTF-8","vary":"X-Origin, Referer, Origin,Accept-Encoding","date":"Wed, 10 Feb 2021 00:39:12 GMT","server":"ESF","cache-control":"private","x-xss-protection":"0","x-frame-options":"SAMEORIGIN","x-content-type-options":"nosniff","alt-svc":"h3-29=\":443\"; ma=2592000,h3-T051=\":443\"; ma=2592000,h3-Q050=\":443\"; ma=2592000,h3-Q046=\":443\"; ma=2592000,h3-Q043=\":443\"; ma=2592000,quic=\":443\"; ma=2592000; v=\"46,43\"","accept-ranges":"none","transfer-encoding":"chunked"}
[debug] [2021-02-10T00:39:11.846Z] >>> HTTP REQUEST GET https://cloudfunctions.googleapis.com/v1/operations/ZGVjY2VyLTIyYjVhL3VzLWNlbnRyYWwxL2FwcC9GMGk4cHMtYWdwVQ  
 
[debug] [2021-02-10T00:39:12.110Z] <<< HTTP RESPONSE 200 {"content-type":"application/json; charset=UTF-8","vary":"X-Origin, Referer, Origin,Accept-Encoding","date":"Wed, 10 Feb 2021 00:39:14 GMT","server":"ESF","cache-control":"private","x-xss-protection":"0","x-frame-options":"SAMEORIGIN","x-content-type-options":"nosniff","alt-svc":"h3-29=\":443\"; ma=2592000,h3-T051=\":443\"; ma=2592000,h3-Q050=\":443\"; ma=2592000,h3-Q046=\":443\"; ma=2592000,h3-Q043=\":443\"; ma=2592000,quic=\":443\"; ma=2592000; v=\"46,43\"","accept-ranges":"none","transfer-encoding":"chunked"}
[debug] [2021-02-10T00:39:14.117Z] >>> HTTP REQUEST GET https://cloudfunctions.googleapis.com/v1/operations/ZGVjY2VyLTIyYjVhL3VzLWNlbnRyYWwxL2FwcC9GMGk4cHMtYWdwVQ  
 
[debug] [2021-02-10T00:39:14.369Z] <<< HTTP RESPONSE 200 {"content-type":"application/json; charset=UTF-8","vary":"X-Origin, Referer, Origin,Accept-Encoding","date":"Wed, 10 Feb 2021 00:39:16 GMT","server":"ESF","cache-control":"private","x-xss-protection":"0","x-frame-options":"SAMEORIGIN","x-content-type-options":"nosniff","alt-svc":"h3-29=\":443\"; ma=2592000,h3-T051=\":443\"; ma=2592000,h3-Q050=\":443\"; ma=2592000,h3-Q046=\":443\"; ma=2592000,h3-Q043=\":443\"; ma=2592000,quic=\":443\"; ma=2592000; v=\"46,43\"","accept-ranges":"none","transfer-encoding":"chunked"}
[debug] [2021-02-10T00:39:16.372Z] >>> HTTP REQUEST GET https://cloudfunctions.googleapis.com/v1/operations/ZGVjY2VyLTIyYjVhL3VzLWNlbnRyYWwxL2FwcC9GMGk4cHMtYWdwVQ  
 
[debug] [2021-02-10T00:39:16.632Z] <<< HTTP RESPONSE 200 {"content-type":"application/json; charset=UTF-8","vary":"X-Origin, Referer, Origin,Accept-Encoding","date":"Wed, 10 Feb 2021 00:39:18 GMT","server":"ESF","cache-control":"private","x-xss-protection":"0","x-frame-options":"SAMEORIGIN","x-content-type-options":"nosniff","alt-svc":"h3-29=\":443\"; ma=2592000,h3-T051=\":443\"; ma=2592000,h3-Q050=\":443\"; ma=2592000,h3-Q046=\":443\"; ma=2592000,h3-Q043=\":443\"; ma=2592000,quic=\":443\"; ma=2592000; v=\"46,43\"","accept-ranges":"none","transfer-encoding":"chunked"}
[debug] [2021-02-10T00:39:18.649Z] >>> HTTP REQUEST GET https://cloudfunctions.googleapis.com/v1/operations/ZGVjY2VyLTIyYjVhL3VzLWNlbnRyYWwxL2FwcC9GMGk4cHMtYWdwVQ  
 
[debug] [2021-02-10T00:39:18.912Z] <<< HTTP RESPONSE 200 {"content-type":"application/json; charset=UTF-8","vary":"X-Origin, Referer, Origin,Accept-Encoding","date":"Wed, 10 Feb 2021 00:39:21 GMT","server":"ESF","cache-control":"private","x-xss-protection":"0","x-frame-options":"SAMEORIGIN","x-content-type-options":"nosniff","alt-svc":"h3-29=\":443\"; ma=2592000,h3-T051=\":443\"; ma=2592000,h3-Q050=\":443\"; ma=2592000,h3-Q046=\":443\"; ma=2592000,h3-Q043=\":443\"; ma=2592000,quic=\":443\"; ma=2592000; v=\"46,43\"","accept-ranges":"none","transfer-encoding":"chunked"}
[debug] [2021-02-10T00:39:20.924Z] >>> HTTP REQUEST GET https://cloudfunctions.googleapis.com/v1/operations/ZGVjY2VyLTIyYjVhL3VzLWNlbnRyYWwxL2FwcC9GMGk4cHMtYWdwVQ  
 
[debug] [2021-02-10T00:39:21.218Z] <<< HTTP RESPONSE 200 {"content-type":"application/json; charset=UTF-8","vary":"X-Origin, Referer, Origin,Accept-Encoding","date":"Wed, 10 Feb 2021 00:39:23 GMT","server":"ESF","cache-control":"private","x-xss-protection":"0","x-frame-options":"SAMEORIGIN","x-content-type-options":"nosniff","alt-svc":"h3-29=\":443\"; ma=2592000,h3-T051=\":443\"; ma=2592000,h3-Q050=\":443\"; ma=2592000,h3-Q046=\":443\"; ma=2592000,h3-Q043=\":443\"; ma=2592000,quic=\":443\"; ma=2592000; v=\"46,43\"","accept-ranges":"none","transfer-encoding":"chunked"}
[debug] [2021-02-10T00:39:23.224Z] >>> HTTP REQUEST GET https://cloudfunctions.googleapis.com/v1/operations/ZGVjY2VyLTIyYjVhL3VzLWNlbnRyYWwxL2FwcC9GMGk4cHMtYWdwVQ  
 
[debug] [2021-02-10T00:39:23.496Z] <<< HTTP RESPONSE 200 {"content-type":"application/json; charset=UTF-8","vary":"X-Origin, Referer, Origin,Accept-Encoding","date":"Wed, 10 Feb 2021 00:39:25 GMT","server":"ESF","cache-control":"private","x-xss-protection":"0","x-frame-options":"SAMEORIGIN","x-content-type-options":"nosniff","alt-svc":"h3-29=\":443\"; ma=2592000,h3-T051=\":443\"; ma=2592000,h3-Q050=\":443\"; ma=2592000,h3-Q046=\":443\"; ma=2592000,h3-Q043=\":443\"; ma=2592000,quic=\":443\"; ma=2592000; v=\"46,43\"","accept-ranges":"none","transfer-encoding":"chunked"}
[debug] [2021-02-10T00:39:25.500Z] >>> HTTP REQUEST GET https://cloudfunctions.googleapis.com/v1/operations/ZGVjY2VyLTIyYjVhL3VzLWNlbnRyYWwxL2FwcC9GMGk4cHMtYWdwVQ  
 
[debug] [2021-02-10T00:39:25.770Z] <<< HTTP RESPONSE 200 {"content-type":"application/json; charset=UTF-8","vary":"X-Origin, Referer, Origin,Accept-Encoding","date":"Wed, 10 Feb 2021 00:39:28 GMT","server":"ESF","cache-control":"private","x-xss-protection":"0","x-frame-options":"SAMEORIGIN","x-content-type-options":"nosniff","alt-svc":"h3-29=\":443\"; ma=2592000,h3-T051=\":443\"; ma=2592000,h3-Q050=\":443\"; ma=2592000,h3-Q046=\":443\"; ma=2592000,h3-Q043=\":443\"; ma=2592000,quic=\":443\"; ma=2592000; v=\"46,43\"","accept-ranges":"none","transfer-encoding":"chunked"}
[debug] [2021-02-10T00:39:27.781Z] >>> HTTP REQUEST GET https://cloudfunctions.googleapis.com/v1/operations/ZGVjY2VyLTIyYjVhL3VzLWNlbnRyYWwxL2FwcC9GMGk4cHMtYWdwVQ  
 
[debug] [2021-02-10T00:39:28.094Z] <<< HTTP RESPONSE 200 {"content-type":"application/json; charset=UTF-8","vary":"X-Origin, Referer, Origin,Accept-Encoding","date":"Wed, 10 Feb 2021 00:39:30 GMT","server":"ESF","cache-control":"private","x-xss-protection":"0","x-frame-options":"SAMEORIGIN","x-content-type-options":"nosniff","alt-svc":"h3-29=\":443\"; ma=2592000,h3-T051=\":443\"; ma=2592000,h3-Q050=\":443\"; ma=2592000,h3-Q046=\":443\"; ma=2592000,h3-Q043=\":443\"; ma=2592000,quic=\":443\"; ma=2592000; v=\"46,43\"","accept-ranges":"none","transfer-encoding":"chunked"}
[debug] [2021-02-10T00:39:30.096Z] >>> HTTP REQUEST GET https://cloudfunctions.googleapis.com/v1/operations/ZGVjY2VyLTIyYjVhL3VzLWNlbnRyYWwxL2FwcC9GMGk4cHMtYWdwVQ  
 
[debug] [2021-02-10T00:39:30.344Z] <<< HTTP RESPONSE 200 {"content-type":"application/json; charset=UTF-8","vary":"X-Origin, Referer, Origin,Accept-Encoding","date":"Wed, 10 Feb 2021 00:39:32 GMT","server":"ESF","cache-control":"private","x-xss-protection":"0","x-frame-options":"SAMEORIGIN","x-content-type-options":"nosniff","alt-svc":"h3-29=\":443\"; ma=2592000,h3-T051=\":443\"; ma=2592000,h3-Q050=\":443\"; ma=2592000,h3-Q046=\":443\"; ma=2592000,h3-Q043=\":443\"; ma=2592000,quic=\":443\"; ma=2592000; v=\"46,43\"","accept-ranges":"none","transfer-encoding":"chunked"}
[debug] [2021-02-10T00:39:32.352Z] >>> HTTP REQUEST GET https://cloudfunctions.googleapis.com/v1/operations/ZGVjY2VyLTIyYjVhL3VzLWNlbnRyYWwxL2FwcC9GMGk4cHMtYWdwVQ  
 
[debug] [2021-02-10T00:39:32.613Z] <<< HTTP RESPONSE 200 {"content-type":"application/json; charset=UTF-8","vary":"X-Origin, Referer, Origin,Accept-Encoding","date":"Wed, 10 Feb 2021 00:39:34 GMT","server":"ESF","cache-control":"private","x-xss-protection":"0","x-frame-options":"SAMEORIGIN","x-content-type-options":"nosniff","alt-svc":"h3-29=\":443\"; ma=2592000,h3-T051=\":443\"; ma=2592000,h3-Q050=\":443\"; ma=2592000,h3-Q046=\":443\"; ma=2592000,h3-Q043=\":443\"; ma=2592000,quic=\":443\"; ma=2592000; v=\"46,43\"","accept-ranges":"none","transfer-encoding":"chunked"}
[debug] [2021-02-10T00:39:34.616Z] >>> HTTP REQUEST GET https://cloudfunctions.googleapis.com/v1/operations/ZGVjY2VyLTIyYjVhL3VzLWNlbnRyYWwxL2FwcC9GMGk4cHMtYWdwVQ  
 
[debug] [2021-02-10T00:39:34.886Z] <<< HTTP RESPONSE 200 {"content-type":"application/json; charset=UTF-8","vary":"X-Origin, Referer, Origin,Accept-Encoding","date":"Wed, 10 Feb 2021 00:39:37 GMT","server":"ESF","cache-control":"private","x-xss-protection":"0","x-frame-options":"SAMEORIGIN","x-content-type-options":"nosniff","alt-svc":"h3-29=\":443\"; ma=2592000,h3-T051=\":443\"; ma=2592000,h3-Q050=\":443\"; ma=2592000,h3-Q046=\":443\"; ma=2592000,h3-Q043=\":443\"; ma=2592000,quic=\":443\"; ma=2592000; v=\"46,43\"","accept-ranges":"none","transfer-encoding":"chunked"}
[debug] [2021-02-10T00:39:36.901Z] >>> HTTP REQUEST GET https://cloudfunctions.googleapis.com/v1/operations/ZGVjY2VyLTIyYjVhL3VzLWNlbnRyYWwxL2FwcC9GMGk4cHMtYWdwVQ  
 
[debug] [2021-02-10T00:39:37.164Z] <<< HTTP RESPONSE 200 {"content-type":"application/json; charset=UTF-8","vary":"X-Origin, Referer, Origin,Accept-Encoding","date":"Wed, 10 Feb 2021 00:39:39 GMT","server":"ESF","cache-control":"private","x-xss-protection":"0","x-frame-options":"SAMEORIGIN","x-content-type-options":"nosniff","alt-svc":"h3-29=\":443\"; ma=2592000,h3-T051=\":443\"; ma=2592000,h3-Q050=\":443\"; ma=2592000,h3-Q046=\":443\"; ma=2592000,h3-Q043=\":443\"; ma=2592000,quic=\":443\"; ma=2592000; v=\"46,43\"","accept-ranges":"none","transfer-encoding":"chunked"}
[debug] [2021-02-10T00:39:39.179Z] >>> HTTP REQUEST GET https://cloudfunctions.googleapis.com/v1/operations/ZGVjY2VyLTIyYjVhL3VzLWNlbnRyYWwxL2FwcC9GMGk4cHMtYWdwVQ  
 
[debug] [2021-02-10T00:39:39.434Z] <<< HTTP RESPONSE 200 {"content-type":"application/json; charset=UTF-8","vary":"X-Origin, Referer, Origin,Accept-Encoding","date":"Wed, 10 Feb 2021 00:39:41 GMT","server":"ESF","cache-control":"private","x-xss-protection":"0","x-frame-options":"SAMEORIGIN","x-content-type-options":"nosniff","alt-svc":"h3-29=\":443\"; ma=2592000,h3-T051=\":443\"; ma=2592000,h3-Q050=\":443\"; ma=2592000,h3-Q046=\":443\"; ma=2592000,h3-Q043=\":443\"; ma=2592000,quic=\":443\"; ma=2592000; v=\"46,43\"","accept-ranges":"none","transfer-encoding":"chunked"}
[debug] [2021-02-10T00:39:41.444Z] >>> HTTP REQUEST GET https://cloudfunctions.googleapis.com/v1/operations/ZGVjY2VyLTIyYjVhL3VzLWNlbnRyYWwxL2FwcC9GMGk4cHMtYWdwVQ  
 
[debug] [2021-02-10T00:39:41.710Z] <<< HTTP RESPONSE 200 {"content-type":"application/json; charset=UTF-8","vary":"X-Origin, Referer, Origin,Accept-Encoding","date":"Wed, 10 Feb 2021 00:39:43 GMT","server":"ESF","cache-control":"private","x-xss-protection":"0","x-frame-options":"SAMEORIGIN","x-content-type-options":"nosniff","alt-svc":"h3-29=\":443\"; ma=2592000,h3-T051=\":443\"; ma=2592000,h3-Q050=\":443\"; ma=2592000,h3-Q046=\":443\"; ma=2592000,h3-Q043=\":443\"; ma=2592000,quic=\":443\"; ma=2592000; v=\"46,43\"","accept-ranges":"none","transfer-encoding":"chunked"}
[debug] [2021-02-10T00:39:43.721Z] >>> HTTP REQUEST GET https://cloudfunctions.googleapis.com/v1/operations/ZGVjY2VyLTIyYjVhL3VzLWNlbnRyYWwxL2FwcC9GMGk4cHMtYWdwVQ  
 
[debug] [2021-02-10T00:39:43.994Z] <<< HTTP RESPONSE 200 {"content-type":"application/json; charset=UTF-8","vary":"X-Origin, Referer, Origin,Accept-Encoding","date":"Wed, 10 Feb 2021 00:39:46 GMT","server":"ESF","cache-control":"private","x-xss-protection":"0","x-frame-options":"SAMEORIGIN","x-content-type-options":"nosniff","alt-svc":"h3-29=\":443\"; ma=2592000,h3-T051=\":443\"; ma=2592000,h3-Q050=\":443\"; ma=2592000,h3-Q046=\":443\"; ma=2592000,h3-Q043=\":443\"; ma=2592000,quic=\":443\"; ma=2592000; v=\"46,43\"","accept-ranges":"none","transfer-encoding":"chunked"}
[debug] [2021-02-10T00:39:46.008Z] >>> HTTP REQUEST GET https://cloudfunctions.googleapis.com/v1/operations/ZGVjY2VyLTIyYjVhL3VzLWNlbnRyYWwxL2FwcC9GMGk4cHMtYWdwVQ  
 
[debug] [2021-02-10T00:39:46.291Z] <<< HTTP RESPONSE 200 {"content-type":"application/json; charset=UTF-8","vary":"X-Origin, Referer, Origin,Accept-Encoding","date":"Wed, 10 Feb 2021 00:39:48 GMT","server":"ESF","cache-control":"private","x-xss-protection":"0","x-frame-options":"SAMEORIGIN","x-content-type-options":"nosniff","alt-svc":"h3-29=\":443\"; ma=2592000,h3-T051=\":443\"; ma=2592000,h3-Q050=\":443\"; ma=2592000,h3-Q046=\":443\"; ma=2592000,h3-Q043=\":443\"; ma=2592000,quic=\":443\"; ma=2592000; v=\"46,43\"","accept-ranges":"none","transfer-encoding":"chunked"}
[debug] [2021-02-10T00:39:48.295Z] >>> HTTP REQUEST GET https://cloudfunctions.googleapis.com/v1/operations/ZGVjY2VyLTIyYjVhL3VzLWNlbnRyYWwxL2FwcC9GMGk4cHMtYWdwVQ  
 
[debug] [2021-02-10T00:39:48.563Z] <<< HTTP RESPONSE 200 {"content-type":"application/json; charset=UTF-8","vary":"X-Origin, Referer, Origin,Accept-Encoding","date":"Wed, 10 Feb 2021 00:39:50 GMT","server":"ESF","cache-control":"private","x-xss-protection":"0","x-frame-options":"SAMEORIGIN","x-content-type-options":"nosniff","alt-svc":"h3-29=\":443\"; ma=2592000,h3-T051=\":443\"; ma=2592000,h3-Q050=\":443\"; ma=2592000,h3-Q046=\":443\"; ma=2592000,h3-Q043=\":443\"; ma=2592000,quic=\":443\"; ma=2592000; v=\"46,43\"","accept-ranges":"none","transfer-encoding":"chunked"}
[debug] [2021-02-10T00:39:50.578Z] >>> HTTP REQUEST GET https://cloudfunctions.googleapis.com/v1/operations/ZGVjY2VyLTIyYjVhL3VzLWNlbnRyYWwxL2FwcC9GMGk4cHMtYWdwVQ  
 
[debug] [2021-02-10T00:39:50.835Z] <<< HTTP RESPONSE 200 {"content-type":"application/json; charset=UTF-8","vary":"X-Origin, Referer, Origin,Accept-Encoding","date":"Wed, 10 Feb 2021 00:39:53 GMT","server":"ESF","cache-control":"private","x-xss-protection":"0","x-frame-options":"SAMEORIGIN","x-content-type-options":"nosniff","alt-svc":"h3-29=\":443\"; ma=2592000,h3-T051=\":443\"; ma=2592000,h3-Q050=\":443\"; ma=2592000,h3-Q046=\":443\"; ma=2592000,h3-Q043=\":443\"; ma=2592000,quic=\":443\"; ma=2592000; v=\"46,43\"","accept-ranges":"none","transfer-encoding":"chunked"}
[debug] [2021-02-10T00:39:52.842Z] >>> HTTP REQUEST GET https://cloudfunctions.googleapis.com/v1/operations/ZGVjY2VyLTIyYjVhL3VzLWNlbnRyYWwxL2FwcC9GMGk4cHMtYWdwVQ  
 
[debug] [2021-02-10T00:39:53.102Z] <<< HTTP RESPONSE 200 {"content-type":"application/json; charset=UTF-8","vary":"X-Origin, Referer, Origin,Accept-Encoding","date":"Wed, 10 Feb 2021 00:39:55 GMT","server":"ESF","cache-control":"private","x-xss-protection":"0","x-frame-options":"SAMEORIGIN","x-content-type-options":"nosniff","alt-svc":"h3-29=\":443\"; ma=2592000,h3-T051=\":443\"; ma=2592000,h3-Q050=\":443\"; ma=2592000,h3-Q046=\":443\"; ma=2592000,h3-Q043=\":443\"; ma=2592000,quic=\":443\"; ma=2592000; v=\"46,43\"","accept-ranges":"none","transfer-encoding":"chunked"}
[debug] [2021-02-10T00:39:55.108Z] >>> HTTP REQUEST GET https://cloudfunctions.googleapis.com/v1/operations/ZGVjY2VyLTIyYjVhL3VzLWNlbnRyYWwxL2FwcC9GMGk4cHMtYWdwVQ  
 
[debug] [2021-02-10T00:39:55.380Z] <<< HTTP RESPONSE 200 {"content-type":"application/json; charset=UTF-8","vary":"X-Origin, Referer, Origin,Accept-Encoding","date":"Wed, 10 Feb 2021 00:39:57 GMT","server":"ESF","cache-control":"private","x-xss-protection":"0","x-frame-options":"SAMEORIGIN","x-content-type-options":"nosniff","alt-svc":"h3-29=\":443\"; ma=2592000,h3-T051=\":443\"; ma=2592000,h3-Q050=\":443\"; ma=2592000,h3-Q046=\":443\"; ma=2592000,h3-Q043=\":443\"; ma=2592000,quic=\":443\"; ma=2592000; v=\"46,43\"","accept-ranges":"none","transfer-encoding":"chunked"}
[debug] [2021-02-10T00:39:57.391Z] >>> HTTP REQUEST GET https://cloudfunctions.googleapis.com/v1/operations/ZGVjY2VyLTIyYjVhL3VzLWNlbnRyYWwxL2FwcC9GMGk4cHMtYWdwVQ  
 
[debug] [2021-02-10T00:39:57.660Z] <<< HTTP RESPONSE 200 {"content-type":"application/json; charset=UTF-8","vary":"X-Origin, Referer, Origin,Accept-Encoding","date":"Wed, 10 Feb 2021 00:39:59 GMT","server":"ESF","cache-control":"private","x-xss-protection":"0","x-frame-options":"SAMEORIGIN","x-content-type-options":"nosniff","alt-svc":"h3-29=\":443\"; ma=2592000,h3-T051=\":443\"; ma=2592000,h3-Q050=\":443\"; ma=2592000,h3-Q046=\":443\"; ma=2592000,h3-Q043=\":443\"; ma=2592000,quic=\":443\"; ma=2592000; v=\"46,43\"","accept-ranges":"none","transfer-encoding":"chunked"}
[debug] [2021-02-10T00:39:59.671Z] >>> HTTP REQUEST GET https://cloudfunctions.googleapis.com/v1/operations/ZGVjY2VyLTIyYjVhL3VzLWNlbnRyYWwxL2FwcC9GMGk4cHMtYWdwVQ  
 
[debug] [2021-02-10T00:39:59.930Z] <<< HTTP RESPONSE 200 {"content-type":"application/json; charset=UTF-8","vary":"X-Origin, Referer, Origin,Accept-Encoding","date":"Wed, 10 Feb 2021 00:40:02 GMT","server":"ESF","cache-control":"private","x-xss-protection":"0","x-frame-options":"SAMEORIGIN","x-content-type-options":"nosniff","alt-svc":"h3-29=\":443\"; ma=2592000,h3-T051=\":443\"; ma=2592000,h3-Q050=\":443\"; ma=2592000,h3-Q046=\":443\"; ma=2592000,h3-Q043=\":443\"; ma=2592000,quic=\":443\"; ma=2592000; v=\"46,43\"","accept-ranges":"none","transfer-encoding":"chunked"}
[debug] [2021-02-10T00:40:01.934Z] >>> HTTP REQUEST GET https://cloudfunctions.googleapis.com/v1/operations/ZGVjY2VyLTIyYjVhL3VzLWNlbnRyYWwxL2FwcC9GMGk4cHMtYWdwVQ  
 
[debug] [2021-02-10T00:40:02.215Z] <<< HTTP RESPONSE 200 {"content-type":"application/json; charset=UTF-8","vary":"X-Origin, Referer, Origin,Accept-Encoding","date":"Wed, 10 Feb 2021 00:40:04 GMT","server":"ESF","cache-control":"private","x-xss-protection":"0","x-frame-options":"SAMEORIGIN","x-content-type-options":"nosniff","alt-svc":"h3-29=\":443\"; ma=2592000,h3-T051=\":443\"; ma=2592000,h3-Q050=\":443\"; ma=2592000,h3-Q046=\":443\"; ma=2592000,h3-Q043=\":443\"; ma=2592000,quic=\":443\"; ma=2592000; v=\"46,43\"","accept-ranges":"none","transfer-encoding":"chunked"}
[debug] [2021-02-10T00:40:04.218Z] >>> HTTP REQUEST GET https://cloudfunctions.googleapis.com/v1/operations/ZGVjY2VyLTIyYjVhL3VzLWNlbnRyYWwxL2FwcC9GMGk4cHMtYWdwVQ  
 
[debug] [2021-02-10T00:40:04.463Z] <<< HTTP RESPONSE 200 {"content-type":"application/json; charset=UTF-8","vary":"X-Origin, Referer, Origin,Accept-Encoding","date":"Wed, 10 Feb 2021 00:40:06 GMT","server":"ESF","cache-control":"private","x-xss-protection":"0","x-frame-options":"SAMEORIGIN","x-content-type-options":"nosniff","alt-svc":"h3-29=\":443\"; ma=2592000,h3-T051=\":443\"; ma=2592000,h3-Q050=\":443\"; ma=2592000,h3-Q046=\":443\"; ma=2592000,h3-Q043=\":443\"; ma=2592000,quic=\":443\"; ma=2592000; v=\"46,43\"","accept-ranges":"none","transfer-encoding":"chunked"}
